[Tue, 09 Jan 18 13:29:12 +0800][DEBUG] SELECT IF(COUNT(*) > 0, 1, 0) FROM `INFORMATION_SCHEMA`.`TABLES` WHERE `TABLE_NAME` = 'admin' AND `TABLE_SCHEMA` = DATABASE()  0.0010001659393311
[Tue, 09 Jan 18 13:29:12 +0800][DEBUG] DESCRIBE `admin`  0.0029997825622559
[Tue, 09 Jan 18 13:47:02 +0800][DEBUG] SELECT IF(COUNT(*) > 0, 1, 0) FROM `INFORMATION_SCHEMA`.`TABLES` WHERE `TABLE_NAME` = 'admin' AND `TABLE_SCHEMA` = DATABASE()  0.00099992752075195
[Tue, 09 Jan 18 13:47:02 +0800][DEBUG] DESCRIBE `admin`  0.003000020980835
[Tue, 09 Jan 18 13:47:02 +0800][DEBUG] SELECT `admin`.`id`, `admin`.`username`, `admin`.`password`, `admin`.`create_time` FROM `admin`  0
[Tue, 09 Jan 18 13:47:44 +0800][DEBUG] SELECT IF(COUNT(*) > 0, 1, 0) FROM `INFORMATION_SCHEMA`.`TABLES` WHERE `TABLE_NAME` = 'admin' AND `TABLE_SCHEMA` = DATABASE()  0
[Tue, 09 Jan 18 13:47:44 +0800][DEBUG] DESCRIBE `admin`  0.0029997825622559
[Tue, 09 Jan 18 13:47:44 +0800][DEBUG] SELECT `admin`.`id`, `admin`.`username`, `admin`.`password`, `admin`.`create_time` FROM `admin`  0.0010001659393311
[Tue, 09 Jan 18 13:48:46 +0800][DEBUG] SELECT IF(COUNT(*) > 0, 1, 0) FROM `INFORMATION_SCHEMA`.`TABLES` WHERE `TABLE_NAME` = 'admin' AND `TABLE_SCHEMA` = DATABASE()  0
[Tue, 09 Jan 18 13:48:46 +0800][DEBUG] DESCRIBE `admin`  0.003000020980835
[Tue, 09 Jan 18 13:48:46 +0800][DEBUG] SELECT `admin`.`id`, `admin`.`username`, `admin`.`password`, `admin`.`create_time` FROM `admin`  0
[Tue, 09 Jan 18 13:49:26 +0800][DEBUG] SELECT IF(COUNT(*) > 0, 1, 0) FROM `INFORMATION_SCHEMA`.`TABLES` WHERE `TABLE_NAME` = 'admin' AND `TABLE_SCHEMA` = DATABASE()  0
[Tue, 09 Jan 18 13:49:26 +0800][DEBUG] DESCRIBE `admin`  0.002000093460083
[Tue, 09 Jan 18 13:49:26 +0800][DEBUG] SELECT `admin`.`id`, `admin`.`username`, `admin`.`password`, `admin`.`create_time` FROM `admin`  0
[Tue, 09 Jan 18 13:50:38 +0800][DEBUG] SELECT IF(COUNT(*) > 0, 1, 0) FROM `INFORMATION_SCHEMA`.`TABLES` WHERE `TABLE_NAME` = 'admin' AND `TABLE_SCHEMA` = DATABASE()  0
[Tue, 09 Jan 18 13:50:38 +0800][DEBUG] DESCRIBE `admin`  0.003000020980835
[Tue, 09 Jan 18 13:50:38 +0800][DEBUG] SELECT `admin`.`id`, `admin`.`username`, `admin`.`password`, `admin`.`create_time` FROM `admin`  0
[Tue, 09 Jan 18 14:40:35 +0800][DEBUG] SELECT IF(COUNT(*) > 0, 1, 0) FROM `INFORMATION_SCHEMA`.`TABLES` WHERE `TABLE_NAME` = 'admin' AND `TABLE_SCHEMA` = DATABASE()  0.00099992752075195
[Tue, 09 Jan 18 14:40:35 +0800][DEBUG] DESCRIBE `admin`  0.003000020980835
[Tue, 09 Jan 18 14:40:35 +0800][DEBUG] SELECT `admin`.`id`, `admin`.`username`, `admin`.`password`, `admin`.`create_time` FROM `admin`  0
[Tue, 09 Jan 18 14:40:36 +0800][DEBUG] SELECT IF(COUNT(*) > 0, 1, 0) FROM `INFORMATION_SCHEMA`.`TABLES` WHERE `TABLE_NAME` = 'admin' AND `TABLE_SCHEMA` = DATABASE()  0
[Tue, 09 Jan 18 14:40:36 +0800][DEBUG] DESCRIBE `admin`  0.002000093460083
[Tue, 09 Jan 18 14:40:36 +0800][DEBUG] SELECT `admin`.`id`, `admin`.`username`, `admin`.`password`, `admin`.`create_time` FROM `admin`  0
[Tue, 09 Jan 18 14:40:38 +0800][DEBUG] SELECT IF(COUNT(*) > 0, 1, 0) FROM `INFORMATION_SCHEMA`.`TABLES` WHERE `TABLE_NAME` = 'admin' AND `TABLE_SCHEMA` = DATABASE()  0
[Tue, 09 Jan 18 14:40:38 +0800][DEBUG] DESCRIBE `admin`  0.002000093460083
[Tue, 09 Jan 18 14:40:38 +0800][DEBUG] SELECT `admin`.`id`, `admin`.`username`, `admin`.`password`, `admin`.`create_time` FROM `admin`  0
[Tue, 09 Jan 18 14:41:03 +0800][DEBUG] SELECT IF(COUNT(*) > 0, 1, 0) FROM `INFORMATION_SCHEMA`.`TABLES` WHERE `TABLE_NAME` = 'admin' AND `TABLE_SCHEMA` = DATABASE()  0
[Tue, 09 Jan 18 14:41:03 +0800][DEBUG] DESCRIBE `admin`  0.002000093460083
[Tue, 09 Jan 18 14:41:03 +0800][DEBUG] SELECT `admin`.`id`, `admin`.`username`, `admin`.`password`, `admin`.`create_time` FROM `admin`  0
[Tue, 09 Jan 18 14:41:12 +0800][DEBUG] SELECT IF(COUNT(*) > 0, 1, 0) FROM `INFORMATION_SCHEMA`.`TABLES` WHERE `TABLE_NAME` = 'admin' AND `TABLE_SCHEMA` = DATABASE()  0
[Tue, 09 Jan 18 14:41:12 +0800][DEBUG] DESCRIBE `admin`  0.002000093460083
[Tue, 09 Jan 18 14:41:12 +0800][DEBUG] SELECT `admin`.`id`, `admin`.`username`, `admin`.`password`, `admin`.`create_time` FROM `admin`  0
[Tue, 09 Jan 18 14:41:19 +0800][DEBUG] SELECT IF(COUNT(*) > 0, 1, 0) FROM `INFORMATION_SCHEMA`.`TABLES` WHERE `TABLE_NAME` = 'admin' AND `TABLE_SCHEMA` = DATABASE()  0
[Tue, 09 Jan 18 14:41:19 +0800][DEBUG] DESCRIBE `admin`  0.003000020980835
[Tue, 09 Jan 18 14:41:19 +0800][DEBUG] SELECT `admin`.`id`, `admin`.`username`, `admin`.`password`, `admin`.`create_time` FROM `admin`  0
[Tue, 09 Jan 18 14:48:56 +0800][DEBUG] SELECT IF(COUNT(*) > 0, 1, 0) FROM `INFORMATION_SCHEMA`.`TABLES` WHERE `TABLE_NAME` = 'admin' AND `TABLE_SCHEMA` = DATABASE()  0
[Tue, 09 Jan 18 14:48:56 +0800][DEBUG] DESCRIBE `admin`  0.003000020980835
[Tue, 09 Jan 18 14:48:56 +0800][DEBUG] SELECT `admin`.`id`, `admin`.`username`, `admin`.`password`, `admin`.`create_time` FROM `admin`  0
[Tue, 09 Jan 18 15:37:41 +0800][DEBUG] SELECT IF(COUNT(*) > 0, 1, 0) FROM `INFORMATION_SCHEMA`.`TABLES` WHERE `TABLE_NAME` = 'admin' AND `TABLE_SCHEMA` = DATABASE()  0
[Tue, 09 Jan 18 15:37:41 +0800][DEBUG] DESCRIBE `admin`  0.003000020980835
[Tue, 09 Jan 18 15:37:41 +0800][DEBUG] SELECT `admin`.`id`, `admin`.`username`, `admin`.`password`, `admin`.`create_time` FROM `admin`  0.00099992752075195
[Tue, 09 Jan 18 15:37:46 +0800][DEBUG] SELECT IF(COUNT(*) > 0, 1, 0) FROM `INFORMATION_SCHEMA`.`TABLES` WHERE `TABLE_NAME` = 'admin' AND `TABLE_SCHEMA` = DATABASE()  0
[Tue, 09 Jan 18 15:37:46 +0800][DEBUG] DESCRIBE `admin`  0.003000020980835
[Tue, 09 Jan 18 15:37:46 +0800][DEBUG] SELECT `admin`.`id`, `admin`.`username`, `admin`.`password`, `admin`.`create_time` FROM `admin`  0.00099992752075195
[Tue, 09 Jan 18 15:38:08 +0800][DEBUG] SELECT IF(COUNT(*) > 0, 1, 0) FROM `INFORMATION_SCHEMA`.`TABLES` WHERE `TABLE_NAME` = 'admin' AND `TABLE_SCHEMA` = DATABASE()  0
[Tue, 09 Jan 18 15:38:08 +0800][DEBUG] DESCRIBE `admin`  0.002000093460083
[Tue, 09 Jan 18 15:38:08 +0800][DEBUG] SELECT `admin`.`id`, `admin`.`username`, `admin`.`password`, `admin`.`create_time` FROM `admin`  0
[Tue, 09 Jan 18 15:38:30 +0800][DEBUG] SELECT IF(COUNT(*) > 0, 1, 0) FROM `INFORMATION_SCHEMA`.`TABLES` WHERE `TABLE_NAME` = 'admin' AND `TABLE_SCHEMA` = DATABASE()  0
[Tue, 09 Jan 18 15:38:30 +0800][DEBUG] DESCRIBE `admin`  0.002000093460083
[Tue, 09 Jan 18 15:38:30 +0800][DEBUG] SELECT `admin`.`id`, `admin`.`username`, `admin`.`password`, `admin`.`create_time` FROM `admin`  0
[Tue, 09 Jan 18 15:38:31 +0800][DEBUG] SELECT IF(COUNT(*) > 0, 1, 0) FROM `INFORMATION_SCHEMA`.`TABLES` WHERE `TABLE_NAME` = 'admin' AND `TABLE_SCHEMA` = DATABASE()  0
[Tue, 09 Jan 18 15:38:31 +0800][DEBUG] DESCRIBE `admin`  0.002000093460083
[Tue, 09 Jan 18 15:38:31 +0800][DEBUG] SELECT `admin`.`id`, `admin`.`username`, `admin`.`password`, `admin`.`create_time` FROM `admin`  0
[Tue, 09 Jan 18 15:38:31 +0800][DEBUG] SELECT IF(COUNT(*) > 0, 1, 0) FROM `INFORMATION_SCHEMA`.`TABLES` WHERE `TABLE_NAME` = 'admin' AND `TABLE_SCHEMA` = DATABASE()  0
[Tue, 09 Jan 18 15:38:31 +0800][DEBUG] DESCRIBE `admin`  0.0019998550415039
[Tue, 09 Jan 18 15:38:31 +0800][DEBUG] SELECT `admin`.`id`, `admin`.`username`, `admin`.`password`, `admin`.`create_time` FROM `admin`  0
[Tue, 09 Jan 18 15:38:32 +0800][DEBUG] SELECT IF(COUNT(*) > 0, 1, 0) FROM `INFORMATION_SCHEMA`.`TABLES` WHERE `TABLE_NAME` = 'admin' AND `TABLE_SCHEMA` = DATABASE()  0
[Tue, 09 Jan 18 15:38:32 +0800][DEBUG] DESCRIBE `admin`  0.003000020980835
[Tue, 09 Jan 18 15:38:32 +0800][DEBUG] SELECT `admin`.`id`, `admin`.`username`, `admin`.`password`, `admin`.`create_time` FROM `admin`  0.00099992752075195
[Tue, 09 Jan 18 15:38:32 +0800][DEBUG] SELECT IF(COUNT(*) > 0, 1, 0) FROM `INFORMATION_SCHEMA`.`TABLES` WHERE `TABLE_NAME` = 'admin' AND `TABLE_SCHEMA` = DATABASE()  0
[Tue, 09 Jan 18 15:38:32 +0800][DEBUG] DESCRIBE `admin`  0.0019998550415039
[Tue, 09 Jan 18 15:38:32 +0800][DEBUG] SELECT `admin`.`id`, `admin`.`username`, `admin`.`password`, `admin`.`create_time` FROM `admin`  0
[Tue, 09 Jan 18 15:38:32 +0800][DEBUG] SELECT IF(COUNT(*) > 0, 1, 0) FROM `INFORMATION_SCHEMA`.`TABLES` WHERE `TABLE_NAME` = 'admin' AND `TABLE_SCHEMA` = DATABASE()  0
[Tue, 09 Jan 18 15:38:32 +0800][DEBUG] DESCRIBE `admin`  0.003000020980835
[Tue, 09 Jan 18 15:38:32 +0800][DEBUG] SELECT `admin`.`id`, `admin`.`username`, `admin`.`password`, `admin`.`create_time` FROM `admin`  0
[Tue, 09 Jan 18 15:38:32 +0800][DEBUG] SELECT IF(COUNT(*) > 0, 1, 0) FROM `INFORMATION_SCHEMA`.`TABLES` WHERE `TABLE_NAME` = 'admin' AND `TABLE_SCHEMA` = DATABASE()  0
[Tue, 09 Jan 18 15:38:32 +0800][DEBUG] DESCRIBE `admin`  0.0019998550415039
[Tue, 09 Jan 18 15:38:32 +0800][DEBUG] SELECT `admin`.`id`, `admin`.`username`, `admin`.`password`, `admin`.`create_time` FROM `admin`  0
[Tue, 09 Jan 18 15:38:33 +0800][DEBUG] SELECT IF(COUNT(*) > 0, 1, 0) FROM `INFORMATION_SCHEMA`.`TABLES` WHERE `TABLE_NAME` = 'admin' AND `TABLE_SCHEMA` = DATABASE()  0
[Tue, 09 Jan 18 15:38:33 +0800][DEBUG] DESCRIBE `admin`  0.002000093460083
[Tue, 09 Jan 18 15:38:33 +0800][DEBUG] SELECT `admin`.`id`, `admin`.`username`, `admin`.`password`, `admin`.`create_time` FROM `admin`  0
[Tue, 09 Jan 18 15:38:33 +0800][DEBUG] SELECT IF(COUNT(*) > 0, 1, 0) FROM `INFORMATION_SCHEMA`.`TABLES` WHERE `TABLE_NAME` = 'admin' AND `TABLE_SCHEMA` = DATABASE()  0
[Tue, 09 Jan 18 15:38:33 +0800][DEBUG] DESCRIBE `admin`  0.0019998550415039
[Tue, 09 Jan 18 15:38:33 +0800][DEBUG] SELECT `admin`.`id`, `admin`.`username`, `admin`.`password`, `admin`.`create_time` FROM `admin`  0
[Tue, 09 Jan 18 15:38:33 +0800][DEBUG] SELECT IF(COUNT(*) > 0, 1, 0) FROM `INFORMATION_SCHEMA`.`TABLES` WHERE `TABLE_NAME` = 'admin' AND `TABLE_SCHEMA` = DATABASE()  0
[Tue, 09 Jan 18 15:38:33 +0800][DEBUG] DESCRIBE `admin`  0.0019998550415039
[Tue, 09 Jan 18 15:38:33 +0800][DEBUG] SELECT `admin`.`id`, `admin`.`username`, `admin`.`password`, `admin`.`create_time` FROM `admin`  0
[Tue, 09 Jan 18 15:38:33 +0800][DEBUG] SELECT IF(COUNT(*) > 0, 1, 0) FROM `INFORMATION_SCHEMA`.`TABLES` WHERE `TABLE_NAME` = 'admin' AND `TABLE_SCHEMA` = DATABASE()  0
[Tue, 09 Jan 18 15:38:33 +0800][DEBUG] DESCRIBE `admin`  0.002000093460083
[Tue, 09 Jan 18 15:38:33 +0800][DEBUG] SELECT `admin`.`id`, `admin`.`username`, `admin`.`password`, `admin`.`create_time` FROM `admin`  0
[Tue, 09 Jan 18 15:38:34 +0800][DEBUG] SELECT IF(COUNT(*) > 0, 1, 0) FROM `INFORMATION_SCHEMA`.`TABLES` WHERE `TABLE_NAME` = 'admin' AND `TABLE_SCHEMA` = DATABASE()  0
[Tue, 09 Jan 18 15:38:34 +0800][DEBUG] DESCRIBE `admin`  0.002000093460083
[Tue, 09 Jan 18 15:38:34 +0800][DEBUG] SELECT `admin`.`id`, `admin`.`username`, `admin`.`password`, `admin`.`create_time` FROM `admin`  0
[Tue, 09 Jan 18 15:38:34 +0800][DEBUG] SELECT IF(COUNT(*) > 0, 1, 0) FROM `INFORMATION_SCHEMA`.`TABLES` WHERE `TABLE_NAME` = 'admin' AND `TABLE_SCHEMA` = DATABASE()  0
[Tue, 09 Jan 18 15:38:34 +0800][DEBUG] DESCRIBE `admin`  0.002000093460083
[Tue, 09 Jan 18 15:38:34 +0800][DEBUG] SELECT `admin`.`id`, `admin`.`username`, `admin`.`password`, `admin`.`create_time` FROM `admin`  0.00099992752075195
[Tue, 09 Jan 18 15:38:34 +0800][DEBUG] SELECT IF(COUNT(*) > 0, 1, 0) FROM `INFORMATION_SCHEMA`.`TABLES` WHERE `TABLE_NAME` = 'admin' AND `TABLE_SCHEMA` = DATABASE()  0
[Tue, 09 Jan 18 15:38:34 +0800][DEBUG] DESCRIBE `admin`  0.0019998550415039
[Tue, 09 Jan 18 15:38:34 +0800][DEBUG] SELECT `admin`.`id`, `admin`.`username`, `admin`.`password`, `admin`.`create_time` FROM `admin`  0
[Tue, 09 Jan 18 15:39:11 +0800][DEBUG] SELECT IF(COUNT(*) > 0, 1, 0) FROM `INFORMATION_SCHEMA`.`TABLES` WHERE `TABLE_NAME` = 'admin' AND `TABLE_SCHEMA` = DATABASE()  0
[Tue, 09 Jan 18 15:39:11 +0800][DEBUG] DESCRIBE `admin`  0.002000093460083
[Tue, 09 Jan 18 15:39:11 +0800][DEBUG] SELECT `admin`.`id`, `admin`.`username`, `admin`.`password`, `admin`.`create_time` FROM `admin`  0
[Tue, 09 Jan 18 15:39:15 +0800][DEBUG] SELECT IF(COUNT(*) > 0, 1, 0) FROM `INFORMATION_SCHEMA`.`TABLES` WHERE `TABLE_NAME` = 'admin' AND `TABLE_SCHEMA` = DATABASE()  0
[Tue, 09 Jan 18 15:39:15 +0800][DEBUG] DESCRIBE `admin`  0.003000020980835
[Tue, 09 Jan 18 15:39:15 +0800][DEBUG] SELECT `admin`.`id`, `admin`.`username`, `admin`.`password`, `admin`.`create_time` FROM `admin`  0
[Tue, 09 Jan 18 15:39:15 +0800][DEBUG] SELECT IF(COUNT(*) > 0, 1, 0) FROM `INFORMATION_SCHEMA`.`TABLES` WHERE `TABLE_NAME` = 'admin' AND `TABLE_SCHEMA` = DATABASE()  0
[Tue, 09 Jan 18 15:39:15 +0800][DEBUG] DESCRIBE `admin`  0.002000093460083
[Tue, 09 Jan 18 15:39:15 +0800][DEBUG] SELECT `admin`.`id`, `admin`.`username`, `admin`.`password`, `admin`.`create_time` FROM `admin`  0
[Tue, 09 Jan 18 15:39:16 +0800][DEBUG] SELECT IF(COUNT(*) > 0, 1, 0) FROM `INFORMATION_SCHEMA`.`TABLES` WHERE `TABLE_NAME` = 'admin' AND `TABLE_SCHEMA` = DATABASE()  0
[Tue, 09 Jan 18 15:39:16 +0800][DEBUG] DESCRIBE `admin`  0.002000093460083
[Tue, 09 Jan 18 15:39:16 +0800][DEBUG] SELECT `admin`.`id`, `admin`.`username`, `admin`.`password`, `admin`.`create_time` FROM `admin`  0
[Tue, 09 Jan 18 15:39:39 +0800][DEBUG] SELECT IF(COUNT(*) > 0, 1, 0) FROM `INFORMATION_SCHEMA`.`TABLES` WHERE `TABLE_NAME` = 'admin' AND `TABLE_SCHEMA` = DATABASE()  0
[Tue, 09 Jan 18 15:39:39 +0800][DEBUG] DESCRIBE `admin`  0.002000093460083
[Tue, 09 Jan 18 15:39:39 +0800][DEBUG] SELECT `admin`.`id`, `admin`.`username`, `admin`.`password`, `admin`.`create_time` FROM `admin`  0
[Tue, 09 Jan 18 15:39:52 +0800][DEBUG] SELECT IF(COUNT(*) > 0, 1, 0) FROM `INFORMATION_SCHEMA`.`TABLES` WHERE `TABLE_NAME` = 'admin' AND `TABLE_SCHEMA` = DATABASE()  0
[Tue, 09 Jan 18 15:39:52 +0800][DEBUG] DESCRIBE `admin`  0.002000093460083
[Tue, 09 Jan 18 15:39:52 +0800][DEBUG] SELECT `admin`.`id`, `admin`.`username`, `admin`.`password`, `admin`.`create_time` FROM `admin`  0
[Tue, 09 Jan 18 15:40:03 +0800][DEBUG] SELECT IF(COUNT(*) > 0, 1, 0) FROM `INFORMATION_SCHEMA`.`TABLES` WHERE `TABLE_NAME` = 'admin' AND `TABLE_SCHEMA` = DATABASE()  0
[Tue, 09 Jan 18 15:40:03 +0800][DEBUG] DESCRIBE `admin`  0.0029997825622559
[Tue, 09 Jan 18 15:40:03 +0800][DEBUG] SELECT `admin`.`id`, `admin`.`username`, `admin`.`password`, `admin`.`create_time` FROM `admin`  0
[Tue, 09 Jan 18 15:40:04 +0800][DEBUG] SELECT IF(COUNT(*) > 0, 1, 0) FROM `INFORMATION_SCHEMA`.`TABLES` WHERE `TABLE_NAME` = 'admin' AND `TABLE_SCHEMA` = DATABASE()  0
[Tue, 09 Jan 18 15:40:04 +0800][DEBUG] DESCRIBE `admin`  0.003000020980835
[Tue, 09 Jan 18 15:40:04 +0800][DEBUG] SELECT `admin`.`id`, `admin`.`username`, `admin`.`password`, `admin`.`create_time` FROM `admin`  0
[Tue, 09 Jan 18 15:40:16 +0800][DEBUG] SELECT IF(COUNT(*) > 0, 1, 0) FROM `INFORMATION_SCHEMA`.`TABLES` WHERE `TABLE_NAME` = 'admin' AND `TABLE_SCHEMA` = DATABASE()  0
[Tue, 09 Jan 18 15:40:16 +0800][DEBUG] DESCRIBE `admin`  0.003000020980835
[Tue, 09 Jan 18 15:40:16 +0800][DEBUG] SELECT `admin`.`id`, `admin`.`username`, `admin`.`password`, `admin`.`create_time` FROM `admin`  0
[Tue, 09 Jan 18 15:40:25 +0800][DEBUG] SELECT IF(COUNT(*) > 0, 1, 0) FROM `INFORMATION_SCHEMA`.`TABLES` WHERE `TABLE_NAME` = 'admin' AND `TABLE_SCHEMA` = DATABASE()  0
[Tue, 09 Jan 18 15:40:25 +0800][DEBUG] DESCRIBE `admin`  0.002000093460083
[Tue, 09 Jan 18 15:40:25 +0800][DEBUG] SELECT `admin`.`id`, `admin`.`username`, `admin`.`password`, `admin`.`create_time` FROM `admin`  0
[Tue, 09 Jan 18 15:41:10 +0800][DEBUG] SELECT IF(COUNT(*) > 0, 1, 0) FROM `INFORMATION_SCHEMA`.`TABLES` WHERE `TABLE_NAME` = 'admin' AND `TABLE_SCHEMA` = DATABASE()  0
[Tue, 09 Jan 18 15:41:10 +0800][DEBUG] DESCRIBE `admin`  0.0019998550415039
[Tue, 09 Jan 18 15:41:10 +0800][DEBUG] SELECT `admin`.`id`, `admin`.`username`, `admin`.`password`, `admin`.`create_time` FROM `admin`  0
[Tue, 09 Jan 18 15:41:10 +0800][DEBUG] SELECT IF(COUNT(*) > 0, 1, 0) FROM `INFORMATION_SCHEMA`.`TABLES` WHERE `TABLE_NAME` = 'admin' AND `TABLE_SCHEMA` = DATABASE()  0
[Tue, 09 Jan 18 15:41:10 +0800][DEBUG] DESCRIBE `admin`  0.002000093460083
[Tue, 09 Jan 18 15:41:10 +0800][DEBUG] SELECT `admin`.`id`, `admin`.`username`, `admin`.`password`, `admin`.`create_time` FROM `admin`  0
[Tue, 09 Jan 18 15:41:11 +0800][DEBUG] SELECT IF(COUNT(*) > 0, 1, 0) FROM `INFORMATION_SCHEMA`.`TABLES` WHERE `TABLE_NAME` = 'admin' AND `TABLE_SCHEMA` = DATABASE()  0
[Tue, 09 Jan 18 15:41:11 +0800][DEBUG] DESCRIBE `admin`  0.002000093460083
[Tue, 09 Jan 18 15:41:11 +0800][DEBUG] SELECT `admin`.`id`, `admin`.`username`, `admin`.`password`, `admin`.`create_time` FROM `admin`  0.00099992752075195
[Tue, 09 Jan 18 15:41:11 +0800][DEBUG] SELECT IF(COUNT(*) > 0, 1, 0) FROM `INFORMATION_SCHEMA`.`TABLES` WHERE `TABLE_NAME` = 'admin' AND `TABLE_SCHEMA` = DATABASE()  0
[Tue, 09 Jan 18 15:41:11 +0800][DEBUG] DESCRIBE `admin`  0.0019998550415039
[Tue, 09 Jan 18 15:41:11 +0800][DEBUG] SELECT `admin`.`id`, `admin`.`username`, `admin`.`password`, `admin`.`create_time` FROM `admin`  0
[Tue, 09 Jan 18 15:41:11 +0800][DEBUG] SELECT IF(COUNT(*) > 0, 1, 0) FROM `INFORMATION_SCHEMA`.`TABLES` WHERE `TABLE_NAME` = 'admin' AND `TABLE_SCHEMA` = DATABASE()  0.0010001659393311
[Tue, 09 Jan 18 15:41:11 +0800][DEBUG] DESCRIBE `admin`  0.003000020980835
[Tue, 09 Jan 18 15:41:11 +0800][DEBUG] SELECT `admin`.`id`, `admin`.`username`, `admin`.`password`, `admin`.`create_time` FROM `admin`  0
[Tue, 09 Jan 18 15:41:38 +0800][DEBUG] SELECT IF(COUNT(*) > 0, 1, 0) FROM `INFORMATION_SCHEMA`.`TABLES` WHERE `TABLE_NAME` = 'admin' AND `TABLE_SCHEMA` = DATABASE()  0
[Tue, 09 Jan 18 15:41:38 +0800][DEBUG] DESCRIBE `admin`  0.002000093460083
[Tue, 09 Jan 18 15:41:38 +0800][DEBUG] SELECT `admin`.`id`, `admin`.`username`, `admin`.`password`, `admin`.`create_time` FROM `admin`  0
[Tue, 09 Jan 18 15:41:39 +0800][DEBUG] SELECT IF(COUNT(*) > 0, 1, 0) FROM `INFORMATION_SCHEMA`.`TABLES` WHERE `TABLE_NAME` = 'admin' AND `TABLE_SCHEMA` = DATABASE()  0
[Tue, 09 Jan 18 15:41:39 +0800][DEBUG] DESCRIBE `admin`  0.0019998550415039
[Tue, 09 Jan 18 15:41:39 +0800][DEBUG] SELECT `admin`.`id`, `admin`.`username`, `admin`.`password`, `admin`.`create_time` FROM `admin`  0.0010001659393311
[Tue, 09 Jan 18 15:55:01 +0800][DEBUG] SELECT IF(COUNT(*) > 0, 1, 0) FROM `INFORMATION_SCHEMA`.`TABLES` WHERE `TABLE_NAME` = 'admin' AND `TABLE_SCHEMA` = DATABASE()  0
[Tue, 09 Jan 18 15:55:01 +0800][DEBUG] DESCRIBE `admin`  0.003000020980835
[Tue, 09 Jan 18 15:55:01 +0800][DEBUG] SELECT `admin`.`id`, `admin`.`username`, `admin`.`password`, `admin`.`create_time` FROM `admin`  0
[Tue, 09 Jan 18 15:55:17 +0800][DEBUG] SELECT IF(COUNT(*) > 0, 1, 0) FROM `INFORMATION_SCHEMA`.`TABLES` WHERE `TABLE_NAME` = 'admin' AND `TABLE_SCHEMA` = DATABASE()  0
[Tue, 09 Jan 18 15:55:17 +0800][DEBUG] DESCRIBE `admin`  0.003000020980835
[Tue, 09 Jan 18 15:55:17 +0800][DEBUG] SELECT `admin`.`id`, `admin`.`username`, `admin`.`password`, `admin`.`create_time` FROM `admin`  0
[Tue, 09 Jan 18 15:55:48 +0800][DEBUG] SELECT IF(COUNT(*) > 0, 1, 0) FROM `INFORMATION_SCHEMA`.`TABLES` WHERE `TABLE_NAME` = 'admin' AND `TABLE_SCHEMA` = DATABASE()  0
[Tue, 09 Jan 18 15:55:48 +0800][DEBUG] DESCRIBE `admin`  0.0029997825622559
[Tue, 09 Jan 18 15:55:48 +0800][DEBUG] SELECT `admin`.`id`, `admin`.`username`, `admin`.`password`, `admin`.`create_time` FROM `admin`  0
[Tue, 09 Jan 18 15:56:06 +0800][DEBUG] SELECT IF(COUNT(*) > 0, 1, 0) FROM `INFORMATION_SCHEMA`.`TABLES` WHERE `TABLE_NAME` = 'admin' AND `TABLE_SCHEMA` = DATABASE()  0
[Tue, 09 Jan 18 15:56:06 +0800][DEBUG] DESCRIBE `admin`  0.002000093460083
[Tue, 09 Jan 18 15:56:06 +0800][DEBUG] SELECT `admin`.`id`, `admin`.`username`, `admin`.`password`, `admin`.`create_time` FROM `admin`  0
[Tue, 09 Jan 18 15:56:06 +0800][DEBUG] SELECT IF(COUNT(*) > 0, 1, 0) FROM `INFORMATION_SCHEMA`.`TABLES` WHERE `TABLE_NAME` = 'admin' AND `TABLE_SCHEMA` = DATABASE()  0
[Tue, 09 Jan 18 15:56:06 +0800][DEBUG] DESCRIBE `admin`  0.002000093460083
[Tue, 09 Jan 18 15:56:06 +0800][DEBUG] SELECT `admin`.`id`, `admin`.`username`, `admin`.`password`, `admin`.`create_time` FROM `admin`  0
[Tue, 09 Jan 18 15:57:40 +0800][DEBUG] SELECT IF(COUNT(*) > 0, 1, 0) FROM `INFORMATION_SCHEMA`.`TABLES` WHERE `TABLE_NAME` = 'admin' AND `TABLE_SCHEMA` = DATABASE()  0
[Tue, 09 Jan 18 15:57:40 +0800][DEBUG] DESCRIBE `admin`  0.002000093460083
[Tue, 09 Jan 18 15:57:40 +0800][DEBUG] SELECT `admin`.`id`, `admin`.`username`, `admin`.`password`, `admin`.`create_time` FROM `admin`  0
[Tue, 09 Jan 18 16:07:13 +0800][DEBUG] SELECT IF(COUNT(*) > 0, 1, 0) FROM `INFORMATION_SCHEMA`.`TABLES` WHERE `TABLE_NAME` = 'admin' AND `TABLE_SCHEMA` = DATABASE()  0.00099992752075195
[Tue, 09 Jan 18 16:07:13 +0800][DEBUG] DESCRIBE `admin`  0.003000020980835
[Tue, 09 Jan 18 16:07:13 +0800][DEBUG] SELECT `admin`.`id`, `admin`.`username`, `admin`.`password`, `admin`.`create_time` FROM `admin`  0
[Tue, 09 Jan 18 16:26:41 +0800][DEBUG] SELECT IF(COUNT(*) > 0, 1, 0) FROM `INFORMATION_SCHEMA`.`TABLES` WHERE `TABLE_NAME` = 'admin' AND `TABLE_SCHEMA` = DATABASE()  0
[Tue, 09 Jan 18 16:26:41 +0800][DEBUG] DESCRIBE `admin`  0.003000020980835
[Tue, 09 Jan 18 16:26:41 +0800][DEBUG] INSERT INTO `admin` (`username`, `password`, `create_time`) VALUES (?, ?, ?) ["adsfsdfsd","asdfasdfs","2018-01-09 16:26;41"] 0
[Tue, 09 Jan 18 16:27:25 +0800][DEBUG] SELECT IF(COUNT(*) > 0, 1, 0) FROM `INFORMATION_SCHEMA`.`TABLES` WHERE `TABLE_NAME` = 'admin' AND `TABLE_SCHEMA` = DATABASE()  0
[Tue, 09 Jan 18 16:27:25 +0800][DEBUG] DESCRIBE `admin`  0.0019998550415039
[Tue, 09 Jan 18 16:27:25 +0800][DEBUG] SELECT `admin`.`id`, `admin`.`username`, `admin`.`password`, `admin`.`create_time` FROM `admin`  0
[Tue, 09 Jan 18 16:27:37 +0800][DEBUG] SELECT IF(COUNT(*) > 0, 1, 0) FROM `INFORMATION_SCHEMA`.`TABLES` WHERE `TABLE_NAME` = 'admin' AND `TABLE_SCHEMA` = DATABASE()  0
[Tue, 09 Jan 18 16:27:37 +0800][DEBUG] DESCRIBE `admin`  0.003000020980835
[Tue, 09 Jan 18 16:27:37 +0800][DEBUG] SELECT `admin`.`id`, `admin`.`username`, `admin`.`password`, `admin`.`create_time` FROM `admin`  0
[Tue, 09 Jan 18 16:28:00 +0800][DEBUG] SELECT IF(COUNT(*) > 0, 1, 0) FROM `INFORMATION_SCHEMA`.`TABLES` WHERE `TABLE_NAME` = 'admin' AND `TABLE_SCHEMA` = DATABASE()  0
[Tue, 09 Jan 18 16:28:00 +0800][DEBUG] DESCRIBE `admin`  0.003000020980835
[Tue, 09 Jan 18 16:28:00 +0800][DEBUG] SELECT `admin`.`id`, `admin`.`username`, `admin`.`password`, `admin`.`create_time` FROM `admin`  0
[Tue, 09 Jan 18 16:28:04 +0800][DEBUG] SELECT IF(COUNT(*) > 0, 1, 0) FROM `INFORMATION_SCHEMA`.`TABLES` WHERE `TABLE_NAME` = 'admin' AND `TABLE_SCHEMA` = DATABASE()  0
[Tue, 09 Jan 18 16:28:04 +0800][DEBUG] DESCRIBE `admin`  0.002000093460083
[Tue, 09 Jan 18 16:28:04 +0800][DEBUG] SELECT `admin`.`id`, `admin`.`username`, `admin`.`password`, `admin`.`create_time` FROM `admin`  0
[Tue, 09 Jan 18 16:28:09 +0800][DEBUG] SELECT IF(COUNT(*) > 0, 1, 0) FROM `INFORMATION_SCHEMA`.`TABLES` WHERE `TABLE_NAME` = 'admin' AND `TABLE_SCHEMA` = DATABASE()  0
[Tue, 09 Jan 18 16:28:09 +0800][DEBUG] DESCRIBE `admin`  0.003000020980835
[Tue, 09 Jan 18 16:28:09 +0800][DEBUG] SELECT `admin`.`id`, `admin`.`username`, `admin`.`password`, `admin`.`create_time` FROM `admin`  0
[Tue, 09 Jan 18 16:49:54 +0800][DEBUG] SELECT IF(COUNT(*) > 0, 1, 0) FROM `INFORMATION_SCHEMA`.`TABLES` WHERE `TABLE_NAME` = 'admin' AND `TABLE_SCHEMA` = DATABASE()  0
[Tue, 09 Jan 18 16:49:54 +0800][DEBUG] DESCRIBE `admin`  0.003000020980835
[Tue, 09 Jan 18 16:49:54 +0800][DEBUG] INSERT INTO `admin` (`username`, `password`, `create_time`) VALUES (?, ?, ?) ["12312","3123123","2018-01-09 16:49;54"] 0
[Tue, 09 Jan 18 16:50:35 +0800][DEBUG] SELECT IF(COUNT(*) > 0, 1, 0) FROM `INFORMATION_SCHEMA`.`TABLES` WHERE `TABLE_NAME` = 'admin' AND `TABLE_SCHEMA` = DATABASE()  0
[Tue, 09 Jan 18 16:50:35 +0800][DEBUG] DESCRIBE `admin`  0.003000020980835
[Tue, 09 Jan 18 16:50:39 +0800][DEBUG] SELECT IF(COUNT(*) > 0, 1, 0) FROM `INFORMATION_SCHEMA`.`TABLES` WHERE `TABLE_NAME` = 'admin' AND `TABLE_SCHEMA` = DATABASE()  0
[Tue, 09 Jan 18 16:50:39 +0800][DEBUG] DESCRIBE `admin`  0.003000020980835
[Tue, 09 Jan 18 16:50:45 +0800][DEBUG] SELECT IF(COUNT(*) > 0, 1, 0) FROM `INFORMATION_SCHEMA`.`TABLES` WHERE `TABLE_NAME` = 'admin' AND `TABLE_SCHEMA` = DATABASE()  0
[Tue, 09 Jan 18 16:50:45 +0800][DEBUG] DESCRIBE `admin`  0.0019998550415039
[Tue, 09 Jan 18 16:50:45 +0800][DEBUG] INSERT INTO `admin` (`username`, `password`, `create_time`) VALUES (?, ?, ?) ["123121231","3123123123","2018-01-09 16:50;45"] 0
[Tue, 09 Jan 18 16:52:58 +0800][DEBUG] SELECT IF(COUNT(*) > 0, 1, 0) FROM `INFORMATION_SCHEMA`.`TABLES` WHERE `TABLE_NAME` = 'admin' AND `TABLE_SCHEMA` = DATABASE()  0
[Tue, 09 Jan 18 16:52:58 +0800][DEBUG] DESCRIBE `admin`  0.003000020980835
[Tue, 09 Jan 18 16:53:29 +0800][DEBUG] SELECT IF(COUNT(*) > 0, 1, 0) FROM `INFORMATION_SCHEMA`.`TABLES` WHERE `TABLE_NAME` = 'admin' AND `TABLE_SCHEMA` = DATABASE()  0
[Tue, 09 Jan 18 16:53:29 +0800][DEBUG] DESCRIBE `admin`  0.003000020980835
[Tue, 09 Jan 18 16:54:12 +0800][DEBUG] SELECT IF(COUNT(*) > 0, 1, 0) FROM `INFORMATION_SCHEMA`.`TABLES` WHERE `TABLE_NAME` = 'admin' AND `TABLE_SCHEMA` = DATABASE()  0
[Tue, 09 Jan 18 16:54:12 +0800][DEBUG] DESCRIBE `admin`  0.002000093460083
[Tue, 09 Jan 18 16:54:25 +0800][DEBUG] SELECT IF(COUNT(*) > 0, 1, 0) FROM `INFORMATION_SCHEMA`.`TABLES` WHERE `TABLE_NAME` = 'admin' AND `TABLE_SCHEMA` = DATABASE()  0
[Tue, 09 Jan 18 16:54:25 +0800][DEBUG] DESCRIBE `admin`  0.002000093460083
[Tue, 09 Jan 18 16:54:57 +0800][DEBUG] SELECT IF(COUNT(*) > 0, 1, 0) FROM `INFORMATION_SCHEMA`.`TABLES` WHERE `TABLE_NAME` = 'admin' AND `TABLE_SCHEMA` = DATABASE()  0
[Tue, 09 Jan 18 16:54:57 +0800][DEBUG] DESCRIBE `admin`  0.003000020980835
[Tue, 09 Jan 18 16:54:57 +0800][DEBUG] INSERT INTO `admin` (`username`, `password`, `create_time`) VALUES (?, ?, ?) ["123","123","2018-01-09 16:54;57"] 0
[Tue, 09 Jan 18 16:55:01 +0800][DEBUG] SELECT IF(COUNT(*) > 0, 1, 0) FROM `INFORMATION_SCHEMA`.`TABLES` WHERE `TABLE_NAME` = 'admin' AND `TABLE_SCHEMA` = DATABASE()  0
[Tue, 09 Jan 18 16:55:01 +0800][DEBUG] DESCRIBE `admin`  0.002000093460083
[Tue, 09 Jan 18 16:55:32 +0800][DEBUG] SELECT IF(COUNT(*) > 0, 1, 0) FROM `INFORMATION_SCHEMA`.`TABLES` WHERE `TABLE_NAME` = 'admin' AND `TABLE_SCHEMA` = DATABASE()  0
[Tue, 09 Jan 18 16:55:32 +0800][DEBUG] DESCRIBE `admin`  0.0029997825622559
[Tue, 09 Jan 18 16:55:39 +0800][DEBUG] SELECT IF(COUNT(*) > 0, 1, 0) FROM `INFORMATION_SCHEMA`.`TABLES` WHERE `TABLE_NAME` = 'admin' AND `TABLE_SCHEMA` = DATABASE()  0.0010001659393311
[Tue, 09 Jan 18 16:55:39 +0800][DEBUG] DESCRIBE `admin`  0.0019998550415039
[Tue, 09 Jan 18 17:00:50 +0800][DEBUG] SELECT IF(COUNT(*) > 0, 1, 0) FROM `INFORMATION_SCHEMA`.`TABLES` WHERE `TABLE_NAME` = 'admin' AND `TABLE_SCHEMA` = DATABASE()  0
[Tue, 09 Jan 18 17:00:50 +0800][DEBUG] DESCRIBE `admin`  0.0019998550415039
[Tue, 09 Jan 18 17:01:05 +0800][DEBUG] SELECT IF(COUNT(*) > 0, 1, 0) FROM `INFORMATION_SCHEMA`.`TABLES` WHERE `TABLE_NAME` = 'admin' AND `TABLE_SCHEMA` = DATABASE()  0
[Tue, 09 Jan 18 17:01:05 +0800][DEBUG] DESCRIBE `admin`  0.002000093460083
[Tue, 09 Jan 18 17:03:52 +0800][DEBUG] SELECT IF(COUNT(*) > 0, 1, 0) FROM `INFORMATION_SCHEMA`.`TABLES` WHERE `TABLE_NAME` = 'admin' AND `TABLE_SCHEMA` = DATABASE()  0
[Tue, 09 Jan 18 17:03:52 +0800][DEBUG] DESCRIBE `admin`  0.003000020980835
[Tue, 09 Jan 18 17:03:52 +0800][DEBUG] INSERT INTO `admin` (`username`, `password`, `create_time`) VALUES (?, ?, ?) ["\u4f3c\u61c2\u975e\u61c2\u9ad8\u4f4e\u6760","\u5730\u65b9\u8272\u5149vdfgdf","2018-01-09 17:03;52"] 0
[Tue, 09 Jan 18 17:03:53 +0800][DEBUG] SELECT IF(COUNT(*) > 0, 1, 0) FROM `INFORMATION_SCHEMA`.`TABLES` WHERE `TABLE_NAME` = 'admin' AND `TABLE_SCHEMA` = DATABASE()  0
[Tue, 09 Jan 18 17:03:53 +0800][DEBUG] DESCRIBE `admin`  0.002000093460083
[Tue, 09 Jan 18 17:03:53 +0800][DEBUG] SELECT `admin`.`id`, `admin`.`username`, `admin`.`password`, `admin`.`create_time` FROM `admin`  0
[Tue, 09 Jan 18 17:20:16 +0800][DEBUG] SELECT IF(COUNT(*) > 0, 1, 0) FROM `INFORMATION_SCHEMA`.`TABLES` WHERE `TABLE_NAME` = 'admin' AND `TABLE_SCHEMA` = DATABASE()  0
[Tue, 09 Jan 18 17:20:16 +0800][DEBUG] DESCRIBE `admin`  0.0019998550415039
[Tue, 09 Jan 18 17:20:16 +0800][DEBUG] SELECT `admin`.`id`, `admin`.`username`, `admin`.`password`, `admin`.`create_time` FROM `admin`  0
[Tue, 09 Jan 18 17:20:18 +0800][DEBUG] SELECT IF(COUNT(*) > 0, 1, 0) FROM `INFORMATION_SCHEMA`.`TABLES` WHERE `TABLE_NAME` = 'admin' AND `TABLE_SCHEMA` = DATABASE()  0
[Tue, 09 Jan 18 17:20:18 +0800][DEBUG] DESCRIBE `admin`  0.003000020980835
[Tue, 09 Jan 18 17:20:18 +0800][DEBUG] DELETE FROM `admin` WHERE `id` = ? ["9"] 0.0010001659393311
[Tue, 09 Jan 18 17:26:22 +0800][DEBUG] SELECT IF(COUNT(*) > 0, 1, 0) FROM `INFORMATION_SCHEMA`.`TABLES` WHERE `TABLE_NAME` = 'admin' AND `TABLE_SCHEMA` = DATABASE()  0
[Tue, 09 Jan 18 17:26:22 +0800][DEBUG] DESCRIBE `admin`  0.003000020980835
[Tue, 09 Jan 18 17:26:22 +0800][DEBUG] SELECT `admin`.`id`, `admin`.`username`, `admin`.`password`, `admin`.`create_time` FROM `admin` WHERE `admin`.`id` = 9 LIMIT 1  0
[Tue, 09 Jan 18 17:26:26 +0800][DEBUG] SELECT IF(COUNT(*) > 0, 1, 0) FROM `INFORMATION_SCHEMA`.`TABLES` WHERE `TABLE_NAME` = 'admin' AND `TABLE_SCHEMA` = DATABASE()  0
[Tue, 09 Jan 18 17:26:26 +0800][DEBUG] DESCRIBE `admin`  0.0029997825622559
[Tue, 09 Jan 18 17:26:26 +0800][DEBUG] SELECT `admin`.`id`, `admin`.`username`, `admin`.`password`, `admin`.`create_time` FROM `admin`  0
[Tue, 09 Jan 18 17:26:29 +0800][DEBUG] SELECT IF(COUNT(*) > 0, 1, 0) FROM `INFORMATION_SCHEMA`.`TABLES` WHERE `TABLE_NAME` = 'admin' AND `TABLE_SCHEMA` = DATABASE()  0.0010001659393311
[Tue, 09 Jan 18 17:26:29 +0800][DEBUG] DESCRIBE `admin`  0.003000020980835
[Tue, 09 Jan 18 17:26:29 +0800][DEBUG] SELECT `admin`.`id`, `admin`.`username`, `admin`.`password`, `admin`.`create_time` FROM `admin` WHERE `admin`.`id` = 7 LIMIT 1  0
[Tue, 09 Jan 18 17:26:29 +0800][DEBUG] DELETE FROM `admin` WHERE `id` = ? ["7"] 0
[Tue, 09 Jan 18 17:26:33 +0800][DEBUG] SELECT IF(COUNT(*) > 0, 1, 0) FROM `INFORMATION_SCHEMA`.`TABLES` WHERE `TABLE_NAME` = 'admin' AND `TABLE_SCHEMA` = DATABASE()  0
[Tue, 09 Jan 18 17:26:33 +0800][DEBUG] DESCRIBE `admin`  0.0019998550415039
[Tue, 09 Jan 18 17:26:33 +0800][DEBUG] SELECT `admin`.`id`, `admin`.`username`, `admin`.`password`, `admin`.`create_time` FROM `admin`  0
[Tue, 09 Jan 18 17:27:08 +0800][DEBUG] SELECT IF(COUNT(*) > 0, 1, 0) FROM `INFORMATION_SCHEMA`.`TABLES` WHERE `TABLE_NAME` = 'admin' AND `TABLE_SCHEMA` = DATABASE()  0.00099992752075195
[Tue, 09 Jan 18 17:27:08 +0800][DEBUG] DESCRIBE `admin`  0.003000020980835
[Tue, 09 Jan 18 17:27:08 +0800][DEBUG] SELECT `admin`.`id`, `admin`.`username`, `admin`.`password`, `admin`.`create_time` FROM `admin`  0
[Tue, 09 Jan 18 17:27:11 +0800][DEBUG] SELECT IF(COUNT(*) > 0, 1, 0) FROM `INFORMATION_SCHEMA`.`TABLES` WHERE `TABLE_NAME` = 'admin' AND `TABLE_SCHEMA` = DATABASE()  0
[Tue, 09 Jan 18 17:27:11 +0800][DEBUG] DESCRIBE `admin`  0.003000020980835
[Tue, 09 Jan 18 17:27:11 +0800][DEBUG] SELECT `admin`.`id`, `admin`.`username`, `admin`.`password`, `admin`.`create_time` FROM `admin` WHERE `admin`.`id` = 8 LIMIT 1  0
[Tue, 09 Jan 18 17:27:11 +0800][DEBUG] DELETE FROM `admin` WHERE `id` = ? ["8"] 0.00099992752075195
[Tue, 09 Jan 18 17:27:43 +0800][DEBUG] SELECT IF(COUNT(*) > 0, 1, 0) FROM `INFORMATION_SCHEMA`.`TABLES` WHERE `TABLE_NAME` = 'admin' AND `TABLE_SCHEMA` = DATABASE()  0.00099992752075195
[Tue, 09 Jan 18 17:27:43 +0800][DEBUG] DESCRIBE `admin`  0.003000020980835
[Tue, 09 Jan 18 17:27:43 +0800][DEBUG] SELECT `admin`.`id`, `admin`.`username`, `admin`.`password`, `admin`.`create_time` FROM `admin` WHERE `admin`.`id` = 8 LIMIT 1  0
[Tue, 09 Jan 18 17:27:45 +0800][DEBUG] SELECT IF(COUNT(*) > 0, 1, 0) FROM `INFORMATION_SCHEMA`.`TABLES` WHERE `TABLE_NAME` = 'admin' AND `TABLE_SCHEMA` = DATABASE()  0
[Tue, 09 Jan 18 17:27:45 +0800][DEBUG] DESCRIBE `admin`  0.003000020980835
[Tue, 09 Jan 18 17:27:45 +0800][DEBUG] SELECT `admin`.`id`, `admin`.`username`, `admin`.`password`, `admin`.`create_time` FROM `admin`  0
[Tue, 09 Jan 18 17:27:48 +0800][DEBUG] SELECT IF(COUNT(*) > 0, 1, 0) FROM `INFORMATION_SCHEMA`.`TABLES` WHERE `TABLE_NAME` = 'admin' AND `TABLE_SCHEMA` = DATABASE()  0
[Tue, 09 Jan 18 17:27:48 +0800][DEBUG] DESCRIBE `admin`  0.0019998550415039
[Tue, 09 Jan 18 17:27:48 +0800][DEBUG] SELECT `admin`.`id`, `admin`.`username`, `admin`.`password`, `admin`.`create_time` FROM `admin` WHERE `admin`.`id` = 2 LIMIT 1  0
[Tue, 09 Jan 18 17:27:48 +0800][DEBUG] DELETE FROM `admin` WHERE `id` = ? ["2"] 0.00099992752075195
[Tue, 09 Jan 18 17:27:50 +0800][DEBUG] SELECT IF(COUNT(*) > 0, 1, 0) FROM `INFORMATION_SCHEMA`.`TABLES` WHERE `TABLE_NAME` = 'admin' AND `TABLE_SCHEMA` = DATABASE()  0
[Tue, 09 Jan 18 17:27:50 +0800][DEBUG] DESCRIBE `admin`  0.002000093460083
[Tue, 09 Jan 18 17:27:50 +0800][DEBUG] SELECT `admin`.`id`, `admin`.`username`, `admin`.`password`, `admin`.`create_time` FROM `admin`  0
[Tue, 09 Jan 18 17:28:35 +0800][DEBUG] SELECT IF(COUNT(*) > 0, 1, 0) FROM `INFORMATION_SCHEMA`.`TABLES` WHERE `TABLE_NAME` = 'admin' AND `TABLE_SCHEMA` = DATABASE()  0
